# JRE version: 7.0_09-b05
# Java VM: Java HotSpot(TM) Client VM (23.5-b02 mixed mode windows-x86 )
Heap
 def new generation   total 54912K, used 32780K [0x04260000, 0x07df0000, 0x097b0000)
  eden space 48832K,  54% used [0x04260000, 0x05c73030, 0x07210000)
  from space 6080K, 100% used [0x07800000, 0x07df0000, 0x07df0000)
  to   space 6080K,   0% used [0x07210000, 0x07210000, 0x07800000)
 tenured generation   total 121888K, used 102176K [0x097b0000, 0x10eb8000, 0x14260000)
   the space 121888K,  83% used [0x097b0000, 0x0fb782d0, 0x0fb78400, 0x10eb8000)
 compacting perm gen  total 12288K, used 5755K [0x14260000, 0x14e60000, 0x18260000)
   the space 12288K,  46% used [0x14260000, 0x147fefa8, 0x147ff000, 0x14e60000)
GC Heap History (10 events):
Event: 158.826 GC heap before
{Heap before GC invocations=56 (full 6):
 def new generation   total 54912K, used 48832K [0x04260000, 0x07df0000, 0x097b0000)
  eden space 48832K, 100% used [0x04260000, 0x07210000, 0x07210000)
  from space 6080K,   0% used [0x07210000, 0x07210000, 0x07800000)
  to   space 6080K,   0% used [0x07800000, 0x07800000, 0x07df0000)
 tenured generation   total 121888K, used 73131K [0x097b0000, 0x10eb8000, 0x14260000)
   the space 121888K,  59% used [0x097b0000, 0x0df1ae68, 0x0df1b000, 0x10eb8000)
 compacting perm gen  total 12288K, used 5751K [0x14260000, 0x14e60000, 0x18260000)
   the space 12288K,  46% used [0x14260000, 0x147fdd18, 0x147fde00, 0x14e60000)
No shared spaces configured.
Event: 158.859 GC heap after
Heap after GC invocations=57 (full 6):
 def new generation   total 54912K, used 6079K [0x04260000, 0x07df0000, 0x097b0000)
  eden space 48832K,   0% used [0x04260000, 0x04260000, 0x07210000)
  from space 6080K,  99% used [0x07800000, 0x07defff8, 0x07df0000)
  to   space 6080K,   0% used [0x07210000, 0x07210000, 0x07800000)
 tenured generation   total 121888K, used 74076K [0x097b0000, 0x10eb8000, 0x14260000)
   the space 121888K,  60% used [0x097b0000, 0x0e0070d8, 0x0e007200, 0x10eb8000)
 compacting perm gen  total 12288K, used 5751K [0x14260000, 0x14e60000, 0x18260000)
   the space 12288K,  46% used [0x14260000, 0x147fdd18, 0x147fde00, 0x14e60000)
No shared spaces configured.
}
Event: 166.715 GC heap before
{Heap before GC invocations=57 (full 6):
 def new generation   total 54912K, used 54911K [0x04260000, 0x07df0000, 0x097b0000)
  eden space 48832K, 100% used [0x04260000, 0x07210000, 0x07210000)
  from space 6080K,  99% used [0x07800000, 0x07defff8, 0x07df0000)
  to   space 6080K,   0% used [0x07210000, 0x07210000, 0x07800000)
 tenured generation   total 121888K, used 74076K [0x097b0000, 0x10eb8000, 0x14260000)
   the space 121888K,  60% used [0x097b0000, 0x0e0070d8, 0x0e007200, 0x10eb8000)
 compacting perm gen  total 12288K, used 5751K [0x14260000, 0x14e60000, 0x18260000)
   the space 12288K,  46% used [0x14260000, 0x147fdd18, 0x147fde00, 0x14e60000)
No shared spaces configured.
Event: 166.751 GC heap after
Heap after GC invocations=58 (full 6):
 def new generation   total 54912K, used 6079K [0x04260000, 0x07df0000, 0x097b0000)
  eden space 48832K,   0% used [0x04260000, 0x04260000, 0x07210000)
  from space 6080K,  99% used [0x07210000, 0x077ffff8, 0x07800000)
  to   space 6080K,   0% used [0x07800000, 0x07800000, 0x07df0000)
 tenured generation   total 121888K, used 81101K [0x097b0000, 0x10eb8000, 0x14260000)
   the space 121888K,  66% used [0x097b0000, 0x0e6e3558, 0x0e6e3600, 0x10eb8000)
 compacting perm gen  total 12288K, used 5751K [0x14260000, 0x14e60000, 0x18260000)
   the space 12288K,  46% used [0x14260000, 0x147fdd18, 0x147fde00, 0x14e60000)
No shared spaces configured.
}
Event: 174.609 GC heap before
{Heap before GC invocations=58 (full 6):
 def new generation   total 54912K, used 54911K [0x04260000, 0x07df0000, 0x097b0000)
  eden space 48832K, 100% used [0x04260000, 0x07210000, 0x07210000)
  from space 6080K,  99% used [0x07210000, 0x077ffff8, 0x07800000)
  to   space 6080K,   0% used [0x07800000, 0x07800000, 0x07df0000)
 tenured generation   total 121888K, used 81101K [0x097b0000, 0x10eb8000, 0x14260000)
   the space 121888K,  66% used [0x097b0000, 0x0e6e3558, 0x0e6e3600, 0x10eb8000)
 compacting perm gen  total 12288K, used 5751K [0x14260000, 0x14e60000, 0x18260000)
   the space 12288K,  46% used [0x14260000, 0x147fdd18, 0x147fde00, 0x14e60000)
No shared spaces configured.
Event: 174.644 GC heap after
Heap after GC invocations=59 (full 6):
 def new generation   total 54912K, used 6079K [0x04260000, 0x07df0000, 0x097b0000)
  eden space 48832K,   0% used [0x04260000, 0x04260000, 0x07210000)
  from space 6080K,  99% used [0x07800000, 0x07defff8, 0x07df0000)
  to   space 6080K,   0% used [0x07210000, 0x07210000, 0x07800000)
 tenured generation   total 121888K, used 88131K [0x097b0000, 0x10eb8000, 0x14260000)
   the space 121888K,  72% used [0x097b0000, 0x0edc0ed8, 0x0edc1000, 0x10eb8000)
 compacting perm gen  total 12288K, used 5751K [0x14260000, 0x14e60000, 0x18260000)
   the space 12288K,  46% used [0x14260000, 0x147fdd18, 0x147fde00, 0x14e60000)
No shared spaces configured.
}
Event: 182.502 GC heap before
{Heap before GC invocations=59 (full 6):
 def new generation   total 54912K, used 54911K [0x04260000, 0x07df0000, 0x097b0000)
  eden space 48832K, 100% used [0x04260000, 0x07210000, 0x07210000)
  from space 6080K,  99% used [0x07800000, 0x07defff8, 0x07df0000)
  to   space 6080K,   0% used [0x07210000, 0x07210000, 0x07800000)
 tenured generation   total 121888K, used 88131K [0x097b0000, 0x10eb8000, 0x14260000)
   the space 121888K,  72% used [0x097b0000, 0x0edc0ed8, 0x0edc1000, 0x10eb8000)
 compacting perm gen  total 12288K, used 5751K [0x14260000, 0x14e60000, 0x18260000)
   the space 12288K,  46% used [0x14260000, 0x147fdd18, 0x147fde00, 0x14e60000)
No shared spaces configured.
Event: 182.538 GC heap after
Heap after GC invocations=60 (full 6):
 def new generation   total 54912K, used 6080K [0x04260000, 0x07df0000, 0x097b0000)
  eden space 48832K,   0% used [0x04260000, 0x04260000, 0x07210000)
  from space 6080K, 100% used [0x07210000, 0x07800000, 0x07800000)
  to   space 6080K,   0% used [0x07800000, 0x07800000, 0x07df0000)
 tenured generation   total 121888K, used 95151K [0x097b0000, 0x10eb8000, 0x14260000)
   the space 121888K,  78% used [0x097b0000, 0x0f49be50, 0x0f49c000, 0x10eb8000)
 compacting perm gen  total 12288K, used 5751K [0x14260000, 0x14e60000, 0x18260000)
   the space 12288K,  46% used [0x14260000, 0x147fdd18, 0x147fde00, 0x14e60000)
No shared spaces configured.
}
Event: 190.413 GC heap before
{Heap before GC invocations=60 (full 6):
 def new generation   total 54912K, used 54912K [0x04260000, 0x07df0000, 0x097b0000)
  eden space 48832K, 100% used [0x04260000, 0x07210000, 0x07210000)
  from space 6080K, 100% used [0x07210000, 0x07800000, 0x07800000)
  to   space 6080K,   0% used [0x07800000, 0x07800000, 0x07df0000)
 tenured generation   total 121888K, used 95151K [0x097b0000, 0x10eb8000, 0x14260000)
   the space 121888K,  78% used [0x097b0000, 0x0f49be50, 0x0f49c000, 0x10eb8000)
 compacting perm gen  total 12288K, used 5751K [0x14260000, 0x14e60000, 0x18260000)
   the space 12288K,  46% used [0x14260000, 0x147fdd18, 0x147fde00, 0x14e60000)
No shared spaces configured.
Event: 190.450 GC heap after
Heap after GC invocations=61 (full 6):
 def new generation   total 54912K, used 6080K [0x04260000, 0x07df0000, 0x097b0000)
  eden space 48832K,   0% used [0x04260000, 0x04260000, 0x07210000)
  from space 6080K, 100% used [0x07800000, 0x07df0000, 0x07df0000)
  to   space 6080K,   0% used [0x07210000, 0x07210000, 0x07800000)
 tenured generation   total 121888K, used 102176K [0x097b0000, 0x10eb8000, 0x14260000)
   the space 121888K,  83% used [0x097b0000, 0x0fb782d0, 0x0fb78400, 0x10eb8000)
 compacting perm gen  total 12288K, used 5751K [0x14260000, 0x14e60000, 0x18260000)
   the space 12288K,  46% used [0x14260000, 0x147fdd18, 0x147fde00, 0x14e60000)
No shared spaces configured.
}

